<?xml version="1.0" encoding="UTF-8"?>
<!-- Generated by org.testng.reporters.JUnitReportReporter -->
<testsuite skipped="0" hostname="mbc" name="ikman_Ads.Ikman_Assignment" tests="6" failures="0" timestamp="13 Jul 2018 11:56:21 GMT" time="53.195" errors="0">
  <testcase name="openPropertyPage" time="3.252" classname="ikman_Ads.Ikman_Assignment"/>
  <testcase name="openHousesPage" time="4.556" classname="ikman_Ads.Ikman_Assignment"/>
  <testcase name="selectColombo" time="2.263" classname="ikman_Ads.Ikman_Assignment"/>
  <testcase name="selectPrice" time="4.919" classname="ikman_Ads.Ikman_Assignment"/>
  <testcase name="selectBeds" time="5.776" classname="ikman_Ads.Ikman_Assignment"/>
  <testcase name="listAds" time="32.429" classname="ikman_Ads.Ikman_Assignment"/>
</testsuite> <!-- ikman_Ads.Ikman_Assignment -->
